{
  "RSpec": {
    "coverage": {
      "/Users/williampowell/Google Drive/Projects/bookmark_manager/spec/bookmark_spec.rb": [
        1,
        1,
        null,
        1,
        null,
        1,
        1,
        1,
        null,
        null,
        1,
        1,
        1,
        1,
        1,
        1,
        null,
        null,
        null,
        1,
        1,
        1,
        1,
        null,
        null,
        null,
        null
      ],
      "/Users/williampowell/Google Drive/Projects/bookmark_manager/spec/features/adding_bookmark_spec.rb": [
        1,
        1,
        1,
        1,
        1,
        1,
        1,
        1,
        null,
        null
      ],
      "/Users/williampowell/Google Drive/Projects/bookmark_manager/spec/features/rendering_bookmarks_spec.rb": [
        1,
        null,
        1,
        1,
        1,
        1,
        1,
        1,
        null,
        1,
        1,
        null,
        null
      ],
      "/Users/williampowell/Google Drive/Projects/bookmark_manager/spec/setup_test_database.rb": [
        1,
        1
      ]
    },
    "timestamp": 1525884119
  }
}
